This is pdfTeX, Version 3.14159265-2.6-1.40.15 (MiKTeX 2.9 64-bit) (preloaded format=pdflatex 2016.1.13)  13 JAN 2016 17:48
entering extended mode
**main.tex
(main.tex
LaTeX2e <2014/05/01>
Babel <3.9l> and hyphenation patterns for 68 languages loaded.
(sunil.cls
Document Class: sunil 2005/09/16 v1.4f Standard LaTeX document class
("C:\Program Files\MiKTeX 2.9\tex\latex\base\bk10.clo"
File: bk10.clo 2014/09/29 v1.4h Standard LaTeX file (size option)
)
\trimheight=\dimen102
\trimwidth=\dimen103
\normaltextheight=\dimen104
\tempa=\dimen105
\tempdimen=\dimen106
\htrim=\dimen107
\vtrimtop=\dimen108
\vtrimbot=\dimen109
\ul@box=\box26
\ur@box=\box27
\ll@box=\box28
\lr@box=\box29
\@cipboxa=\box30
\@cipboxb=\box31
\@ciprulewidth=\dimen110
\c@part=\count79
\c@chapter=\count80
\c@section=\count81
\c@subsection=\count82
\c@subsubsection=\count83
\c@paragraph=\count84
\c@subparagraph=\count85
\@chaptoc=\write3
\secwd=\dimen111
\subsecwd=\dimen112
\subsubsecwd=\dimen113
\c@figure=\count86
\c@table=\count87
\abovecaptionskip=\skip41
\belowcaptionskip=\skip42
\c@numauthors=\count88
\section@toc@skip=\skip43
\SectionTOCWidth=\skip44
\subsection@toc@skip=\skip45
\SubSectionTOCWidth=\skip46
\subsubsection@toc@skip=\skip47
\SubSubSectionTOCWidth=\skip48
\paragraph@toc@skip=\skip49
\ParagraphTOCWidth=\skip50
\subparagraph@toc@skip=\skip51
\@AUonebox=\box32
\@AUtwobox=\box33
\@AUthreebox=\box34
\@AUfourbox=\box35
\@AUfivebox=\box36
\@AUsixbox=\box37
\@AUsevenbox=\box38
\@AUeightbox=\box39
\@AUninebox=\box40
\@AUtenbox=\box41
\@AUelevenbox=\box42
\@AUtwelvebox=\box43
\@AUthirteenbox=\box44
\@AUfourteenbox=\box45
\@AUfifteenbox=\box46
\@AUaffonebox=\box47
\@AUafftwobox=\box48
\@AUaffthreebox=\box49
\@AUafffourbox=\box50
\@AUafffivebox=\box51
\@AUaffsixbox=\box52
\@AUaffsevenbox=\box53
\@AUaffeightbox=\box54
\@AUaffninebox=\box55
\@AUafftenbox=\box56
\@AUaffelevenbox=\box57
\@AUafftwelvebox=\box58
\@AUaffthirteenbox=\box59
\@AUafffourteenbox=\box60
\@AUafffifteenbox=\box61
\@finalAUboxfromone=\box62
\@finalAUboxfromtwo=\box63
\@finalAUboxfromthree=\box64
\@finalAUboxfromfour=\box65
\@finalAUboxfromfive=\box66
\@finalAUboxfromsix=\box67
\@finalAUboxfromseven=\box68
\@finalAUboxfromeight=\box69
\@finalAUboxfromnine=\box70
\@finalAUboxfromten=\box71
\@finalAUboxfromeleven=\box72
\@finalAUboxfromtwelve=\box73
\@finalAUboxfromthirteen=\box74
\@finalAUboxfromfourteen=\box75
\@finalAUboxfromfifteen=\box76
\c@chaptocdepth=\count89
\bibindent=\dimen114
\tempbox=\box77
\nomenwidth=\dimen115
\tempbox=\box78
\tempdimen=\dimen116
\tempbox=\box79
\notewidth=\dimen117
\wherebox=\box80
\wherewidth=\dimen118
\@tablebox=\box81
\@tabletitlebox=\box82
\@tablewidth=\dimen119
\@tabletitlewidth=\dimen120
\max@tablewidth=\dimen121
\concolwidth=\dimen122
\stempbox=\box83
)
("C:\Program Files\MiKTeX 2.9\tex\latex\base\fixltx2e.sty"
Package: fixltx2e 2014/09/29 v1.1s fixes to LaTeX
LaTeX Info: Redefining \em on input line 430.
)
("C:\Program Files\MiKTeX 2.9\tex\latex\base\fix-cm.sty"
Package: fix-cm 2014/09/29 v1.1s fixes to LaTeX

("C:\Program Files\MiKTeX 2.9\tex\latex\base\ts1enc.def"
File: ts1enc.def 2001/06/05 v3.0e (jk/car/fm) Standard LaTeX file
))
("C:\Program Files\MiKTeX 2.9\tex\latex\amsfonts\amssymb.sty"
Package: amssymb 2013/01/14 v3.01 AMS font symbols

("C:\Program Files\MiKTeX 2.9\tex\latex\amsfonts\amsfonts.sty"
Package: amsfonts 2013/01/14 v3.01 Basic AMSFonts support
\@emptytoks=\toks14
\symAMSa=\mathgroup4
\symAMSb=\mathgroup5
LaTeX Font Info:    Overwriting math alphabet `\mathfrak' in version `bold'
(Font)                  U/euf/m/n --> U/euf/b/n on input line 106.
))
("C:\Program Files\MiKTeX 2.9\tex\latex\amsmath\amsmath.sty"
Package: amsmath 2013/01/14 v2.14 AMS math features
\@mathmargin=\skip52

For additional information on amsmath, use the `?' option.
("C:\Program Files\MiKTeX 2.9\tex\latex\amsmath\amstext.sty"
Package: amstext 2000/06/29 v2.01

("C:\Program Files\MiKTeX 2.9\tex\latex\amsmath\amsgen.sty"
File: amsgen.sty 1999/11/30 v2.0
\@emptytoks=\toks15
\ex@=\dimen123
))
("C:\Program Files\MiKTeX 2.9\tex\latex\amsmath\amsbsy.sty"
Package: amsbsy 1999/11/29 v1.2d
\pmbraise@=\dimen124
)
("C:\Program Files\MiKTeX 2.9\tex\latex\amsmath\amsopn.sty"
Package: amsopn 1999/12/14 v2.01 operator names
)
\inf@bad=\count90
LaTeX Info: Redefining \frac on input line 210.
\uproot@=\count91
\leftroot@=\count92
LaTeX Info: Redefining \overline on input line 306.
\classnum@=\count93
\DOTSCASE@=\count94
LaTeX Info: Redefining \ldots on input line 378.
LaTeX Info: Redefining \dots on input line 381.
LaTeX Info: Redefining \cdots on input line 466.
\Mathstrutbox@=\box84
\strutbox@=\box85
\big@size=\dimen125
LaTeX Font Info:    Redeclaring font encoding OML on input line 566.
LaTeX Font Info:    Redeclaring font encoding OMS on input line 567.
\macc@depth=\count95
\c@MaxMatrixCols=\count96
\dotsspace@=\muskip10
\c@parentequation=\count97
\dspbrk@lvl=\count98
\tag@help=\toks16
\row@=\count99
\column@=\count100
\maxfields@=\count101
\andhelp@=\toks17
\eqnshift@=\dimen126
\alignsep@=\dimen127
\tagshift@=\dimen128
\tagwidth@=\dimen129
\totwidth@=\dimen130
\lineht@=\dimen131
\@envbody=\toks18
\multlinegap=\skip53
\multlinetaggap=\skip54
\mathdisplay@stack=\toks19
LaTeX Info: Redefining \[ on input line 2665.
LaTeX Info: Redefining \] on input line 2666.
)
("C:\Program Files\MiKTeX 2.9\tex\latex\graphics\graphicx.sty"
Package: graphicx 2014/10/28 v1.0g Enhanced LaTeX Graphics (DPC,SPQR)

("C:\Program Files\MiKTeX 2.9\tex\latex\graphics\keyval.sty"
Package: keyval 2014/10/28 v1.15 key=value parser (DPC)
\KV@toks@=\toks20
)
("C:\Program Files\MiKTeX 2.9\tex\latex\graphics\graphics.sty"
Package: graphics 2014/10/28 v1.0p Standard LaTeX Graphics (DPC,SPQR)

("C:\Program Files\MiKTeX 2.9\tex\latex\graphics\trig.sty"
Package: trig 1999/03/16 v1.09 sin cos tan (DPC)
)
("C:\Program Files\MiKTeX 2.9\tex\latex\00miktex\graphics.cfg"
File: graphics.cfg 2007/01/18 v1.5 graphics configuration of teTeX/TeXLive
)
Package graphics Info: Driver file: pdftex.def on input line 91.

("C:\Program Files\MiKTeX 2.9\tex\latex\pdftex-def\pdftex.def"
File: pdftex.def 2011/05/27 v0.06d Graphics/color for pdfTeX

("C:\Program Files\MiKTeX 2.9\tex\generic\oberdiek\infwarerr.sty"
Package: infwarerr 2010/04/08 v1.3 Providing info/warning/error messages (HO)
)
("C:\Program Files\MiKTeX 2.9\tex\generic\oberdiek\ltxcmds.sty"
Package: ltxcmds 2011/11/09 v1.22 LaTeX kernel commands for general use (HO)
)
\Gread@gobject=\count102
))
\Gin@req@height=\dimen132
\Gin@req@width=\dimen133
)
("C:\Program Files\MiKTeX 2.9\tex\latex\subfigure\subfigure.sty"
Package: subfigure 2002/07/30 v2.1.4 subfigure package
\subfigtopskip=\skip55
\subfigcapskip=\skip56
\subfigcaptopadj=\dimen134
\subfigbottomskip=\skip57
\subfigcapmargin=\dimen135
\subfiglabelskip=\skip58
\c@subfigure=\count103
\c@lofdepth=\count104
\c@subtable=\count105
\c@lotdepth=\count106

****************************************
* Local config file subfigure.cfg used *
****************************************
("C:\Program Files\MiKTeX 2.9\tex\latex\subfigure\subfigure.cfg")
\subfig@top=\skip59
\subfig@bottom=\skip60
)
("C:\Program Files\MiKTeX 2.9\tex\latex\base\makeidx.sty"
Package: makeidx 2014/09/29 v1.0m Standard LaTeX package
)
("C:\Program Files\MiKTeX 2.9\tex\latex\tools\multicol.sty"
Package: multicol 2014/10/28 v1.8i multicolumn formatting (FMi)
\c@tracingmulticols=\count107
\mult@box=\box86
\multicol@leftmargin=\dimen136
\c@unbalance=\count108
\c@collectmore=\count109
\doublecol@number=\count110
\multicoltolerance=\count111
\multicolpretolerance=\count112
\full@width=\dimen137
\page@free=\dimen138
\premulticols=\dimen139
\postmulticols=\dimen140
\multicolsep=\skip61
\multicolbaselineskip=\skip62
\partial@page=\box87
\last@line=\box88
\maxbalancingoverflow=\dimen141
\mult@rightbox=\box89
\mult@grightbox=\box90
\mult@gfirstbox=\box91
\mult@firstbox=\box92
\@tempa=\box93
\@tempa=\box94
\@tempa=\box95
\@tempa=\box96
\@tempa=\box97
\@tempa=\box98
\@tempa=\box99
\@tempa=\box100
\@tempa=\box101
\@tempa=\box102
\@tempa=\box103
\@tempa=\box104
\@tempa=\box105
\@tempa=\box106
\@tempa=\box107
\@tempa=\box108
\@tempa=\box109
\c@columnbadness=\count113
\c@finalcolumnbadness=\count114
\last@try=\dimen142
\multicolovershoot=\dimen143
\multicolundershoot=\dimen144
\mult@nat@firstbox=\box110
\colbreak@box=\box111
\mc@col@check@num=\count115
)
("C:\Program Files\MiKTeX 2.9\tex\latex\algorithmicx\algpseudocode.sty"
Package: algpseudocode 

("C:\Program Files\MiKTeX 2.9\tex\latex\base\ifthen.sty"
Package: ifthen 2014/09/29 v1.1c Standard LaTeX ifthen package (DPC)
)
("C:\Program Files\MiKTeX 2.9\tex\latex\algorithmicx\algorithmicx.sty"
Package: algorithmicx 2005/04/27 v1.2 Algorithmicx

Document Style algorithmicx 1.2 - a greatly improved `algorithmic' style
\c@ALG@line=\count116
\c@ALG@rem=\count117
\c@ALG@nested=\count118
\ALG@tlm=\skip63
\ALG@thistlm=\skip64
\c@ALG@Lnr=\count119
\c@ALG@blocknr=\count120
\c@ALG@storecount=\count121
\c@ALG@tmpcounter=\count122
\ALG@tmplength=\skip65
)
Document Style - pseudocode environments for use with the `algorithmicx' style
) ("C:\Program Files\MiKTeX 2.9\tex\latex\algorithms\algorithm.sty"
Package: algorithm 2009/08/24 v0.1 Document Style `algorithm' - floating enviro
nment

("C:\Program Files\MiKTeX 2.9\tex\latex\float\float.sty"
Package: float 2001/11/08 v1.3d Float enhancements (AL)
\c@float@type=\count123
\float@exts=\toks21
\float@box=\box112
\@float@everytoks=\toks22
\@floatcapt=\box113
)
\@float@every@algorithm=\toks23
\c@algorithm=\count124
)
\@indexfile=\write4

Writing index file main.idx
(main.aux (chapter.aux))
LaTeX Font Info:    Checking defaults for OML/cmm/m/it on input line 20.
LaTeX Font Info:    ... okay on input line 20.
LaTeX Font Info:    Checking defaults for T1/cmr/m/n on input line 20.
LaTeX Font Info:    ... okay on input line 20.
LaTeX Font Info:    Checking defaults for OT1/cmr/m/n on input line 20.
LaTeX Font Info:    ... okay on input line 20.
LaTeX Font Info:    Checking defaults for OMS/cmsy/m/n on input line 20.
LaTeX Font Info:    ... okay on input line 20.
LaTeX Font Info:    Checking defaults for OMX/cmex/m/n on input line 20.
LaTeX Font Info:    ... okay on input line 20.
LaTeX Font Info:    Checking defaults for U/cmr/m/n on input line 20.
LaTeX Font Info:    ... okay on input line 20.
LaTeX Font Info:    Checking defaults for TS1/cmr/m/n on input line 20.
LaTeX Font Info:    ... okay on input line 20.
LaTeX Font Info:    Try loading font information for OMS+cmr on input line 20.
 ("C:\Program Files\MiKTeX 2.9\tex\latex\base\omscmr.fd"
File: omscmr.fd 2014/09/29 v2.5h Standard LaTeX font definitions
)
LaTeX Font Info:    Font shape `OMS/cmr/m/n' in size <6> not available
(Font)              Font shape `OMS/cmsy/m/n' tried instead on input line 20.
 ("C:\Program Files\MiKTeX 2.9\tex\context\base\supp-pdf.mkii"
[Loading MPS to PDF converter (version 2006.09.02).]
\scratchcounter=\count125
\scratchdimen=\dimen145
\scratchbox=\box114
\nofMPsegments=\count126
\nofMParguments=\count127
\everyMPshowfont=\toks24
\MPscratchCnt=\count128
\MPscratchDim=\dimen146
\MPnumerator=\count129
\makeMPintoPDFobject=\count130
\everyMPtoPDFconversion=\toks25
)
Underfull \vbox (badness 10000) has occurred while \output is active []


Overfull \hbox (336.25pt too wide) has occurred while \output is active
[]
 []


Underfull \vbox (badness 10000) has occurred while \output is active []


Overfull \hbox (336.25pt too wide) has occurred while \output is active
[]
 []


Underfull \vbox (badness 10000) has occurred while \output is active []


Overfull \hbox (336.25pt too wide) has occurred while \output is active
[]
 []


Underfull \vbox (badness 10000) has occurred while \output is active []


Overfull \hbox (336.25pt too wide) has occurred while \output is active
[]
 []


Underfull \hbox (badness 10000) has occurred while \output is active
 [][][][] 
 []

[1



{C:/ProgramData/MiKTeX/2.9/pdftex/config/pdftex.map}]
Underfull \vbox (badness 10000) has occurred while \output is active []


Overfull \hbox (336.25pt too wide) has occurred while \output is active
[]
 []


Underfull \vbox (badness 10000) has occurred while \output is active []


Overfull \hbox (336.25pt too wide) has occurred while \output is active
[]
 []


Underfull \vbox (badness 10000) has occurred while \output is active []


Overfull \hbox (336.25pt too wide) has occurred while \output is active
[]
 []


Underfull \vbox (badness 10000) has occurred while \output is active []


Overfull \hbox (336.25pt too wide) has occurred while \output is active
[]
 []


Underfull \hbox (badness 10000) has occurred while \output is active
 [][][][] 
 []

[2

]
Underfull \vbox (badness 10000) detected at line 31
 []


Overfull \hbox (336.25pt too wide) detected at line 31
[]
 []


Underfull \vbox (badness 10000) detected at line 31
 []


Overfull \hbox (336.25pt too wide) detected at line 31
[]
 []


Underfull \vbox (badness 10000) detected at line 31
 []


Overfull \hbox (336.25pt too wide) detected at line 31
[]
 []


Underfull \vbox (badness 10000) detected at line 31
 []


Overfull \hbox (336.25pt too wide) detected at line 31
[]
 []

(main.toc
LaTeX Font Info:    Try loading font information for U+msa on input line 7.
 ("C:\Program Files\MiKTeX 2.9\tex\latex\amsfonts\umsa.fd"
File: umsa.fd 2013/01/14 v3.01 AMS symbols A
)
LaTeX Font Info:    Try loading font information for U+msb on input line 7.

("C:\Program Files\MiKTeX 2.9\tex\latex\amsfonts\umsb.fd"
File: umsb.fd 2013/01/14 v3.01 AMS symbols B
))
\tf@toc=\write5

Underfull \hbox (badness 10000) has occurred while \output is active
 [][][][] 
 []

[3]
Underfull \vbox (badness 10000) has occurred while \output is active []


Overfull \hbox (336.25pt too wide) has occurred while \output is active
[]
 []


Underfull \vbox (badness 10000) has occurred while \output is active []


Overfull \hbox (336.25pt too wide) has occurred while \output is active
[]
 []


Underfull \vbox (badness 10000) has occurred while \output is active []


Overfull \hbox (336.25pt too wide) has occurred while \output is active
[]
 []


Underfull \vbox (badness 10000) has occurred while \output is active []


Overfull \hbox (336.25pt too wide) has occurred while \output is active
[]
 []


Underfull \hbox (badness 10000) has occurred while \output is active
 [][][][] 
 []

[4

] (chapter.tex
Underfull \vbox (badness 10000) detected at line 6
 []


Overfull \hbox (336.25pt too wide) detected at line 6
[]
 []


Underfull \vbox (badness 10000) detected at line 6
 []


Overfull \hbox (336.25pt too wide) detected at line 6
[]
 []


Underfull \vbox (badness 10000) detected at line 6
 []


Overfull \hbox (336.25pt too wide) detected at line 6
[]
 []


Underfull \vbox (badness 10000) detected at line 6
 []


Overfull \hbox (336.25pt too wide) detected at line 6
[]
 []

Chapter 1.
(1.toc)
Underfull \hbox (badness 10000) has occurred while \output is active
 [][][][] 
 []

[1



] <figures/protviews.png, id=23, 557.08125pt x 343.2825pt>
File: figures/protviews.png Graphic file (type png)

<use figures/protviews.png>
Package pdftex.def Info: figures/protviews.png used on input line 36.
(pdftex.def)             Requested size: 334.25133pt x 205.97107pt.
Missing character: There is no ‚ in font cmr10!
Missing character: There is no Ä in font cmr10!
Missing character: There is no ú in font cmr10!
Missing character: There is no ‚ in font cmr10!
Missing character: There is no Ä in font cmr10!
Missing character: There is no ù in font cmr10!
Missing character: There is no ‚ in font cmr10!
Missing character: There is no Ä in font cmr10!
Missing character: There is no ú in font cmr10!
Missing character: There is no ‚ in font cmr10!
Missing character: There is no Ä in font cmr10!
Missing character: There is no ù in font cmr10!
Missing character: There is no ‚ in font cmr10!
Missing character: There is no Ä in font cmr10!
Missing character: There is no ú in font cmr10!
Missing character: There is no ‚ in font cmr10!
Missing character: There is no Ä in font cmr10!
Missing character: There is no ù in font cmr10!
Missing character: There is no ‚ in font cmr10!
Missing character: There is no Ä in font cmr10!
Missing character: There is no ú in font cmr10!
Missing character: There is no ‚ in font cmr10!
Missing character: There is no Ä in font cmr10!
Missing character: There is no ù in font cmr10!

Underfull \hbox (badness 4660) in paragraph at lines 49--52
[]\OT1/cmr/m/n/10 SinglePointCrossover Two-PointsCrossover Mul-ti-PointCrossove
r (para
 []

[2]
Underfull \hbox (badness 2042) in paragraph at lines 66--67
[]\OT1/cmr/m/n/10 Real world prob-lems com-monly have mul-ti-ple ob-jec-tives t
o min-i-
 []


Overfull \hbox (43.88629pt too wide) has occurred while \output is active
 [][][][]  \OT1/cmr/m/it/10 Multi objective evolutionary algorithms applied to 
Protein Structure Prediction Problem  \OT1/cmr/m/n/10 3
 []

[3 <./figures/protviews.png>] [4]
Overfull \hbox (43.88629pt too wide) has occurred while \output is active
 [][][][]  \OT1/cmr/m/it/10 Multi objective evolutionary algorithms applied to 
Protein Structure Prediction Problem  \OT1/cmr/m/n/10 5
 []

[5]
LaTeX Font Info:    Font shape `OMS/cmr/m/n' in size <10> not available
(Font)              Font shape `OMS/cmsy/m/n' tried instead on input line 177.
 [6]

LaTeX Warning: Citation `jMetal' on page 7 undefined on input line 195.


Overfull \hbox (43.88629pt too wide) has occurred while \output is active
 [][][][]  \OT1/cmr/m/it/10 Multi objective evolutionary algorithms applied to 
Protein Structure Prediction Problem  \OT1/cmr/m/n/10 7
 []

[7] <figures/figure3.png, id=57, 961.5925pt x 533.995pt>
File: figures/figure3.png Graphic file (type png)

<use figures/figure3.png>
Package pdftex.def Info: figures/figure3.png used on input line 212.
(pdftex.def)             Requested size: 180.67499pt x 100.32751pt.
 [8 <./figures/figure3.png>]

LaTeX Warning: Citation `zitzler2003performance' on page 9 undefined on input l
ine 235.

)
Overfull \hbox (43.88629pt too wide) has occurred while \output is active
 [][][][]  \OT1/cmr/m/it/10 Multi objective evolutionary algorithms applied to 
Protein Structure Prediction Problem  \OT1/cmr/m/n/10 9
 []

[9] [10] (main.bbl
Underfull \vbox (badness 10000) detected at line 1
 []


Overfull \hbox (336.25pt too wide) detected at line 1
[]
 []


Underfull \vbox (badness 10000) detected at line 1
 []


Overfull \hbox (336.25pt too wide) detected at line 1
[]
 []


Underfull \vbox (badness 10000) detected at line 1
 []


Overfull \hbox (336.25pt too wide) detected at line 1
[]
 []


Underfull \vbox (badness 10000) detected at line 1
 []


Overfull \hbox (336.25pt too wide) detected at line 1
[]
 []


Underfull \hbox (badness 10000) has occurred while \output is active
 [][][][] 
 []

[11



]
Missing character: There is no ‚ in font cmr10!
Missing character: There is no Ä in font cmr10!
Missing character: There is no î in font cmr10!
Missing character: There is no ‚ in font cmti10!
Missing character: There is no Ä in font cmti10!
Missing character: There is no î in font cmti10!
)
No file main.ind.
[12] (main.aux (chapter.aux))

LaTeX Warning: There were undefined references.

 ) 
Here is how much of TeX's memory you used:
 3902 strings out of 493698
 54152 string characters out of 3144400
 115995 words of memory out of 3000000
 7167 multiletter control sequences out of 15000+200000
 12101 words of font info for 45 fonts, out of 3000000 for 9000
 1025 hyphenation exceptions out of 8191
 27i,10n,26p,994b,311s stack positions out of 5000i,500n,10000p,200000b,50000s
<C:/Program Files/MiKTeX 2.9/fonts/type1/public/amsfonts/cm/cmbx10.pfb><C:/Pr
ogram Files/MiKTeX 2.9/fonts/type1/public/amsfonts/cm/cmbx12.pfb><C:/Program Fi
les/MiKTeX 2.9/fonts/type1/public/amsfonts/cm/cmbxsl10.pfb><C:/Program Files/Mi
KTeX 2.9/fonts/type1/public/amsfonts/cm/cmex10.pfb><C:/Program Files/MiKTeX 2.9
/fonts/type1/public/amsfonts/cm/cmmi10.pfb><C:/Program Files/MiKTeX 2.9/fonts/t
ype1/public/amsfonts/cm/cmmi5.pfb><C:/Program Files/MiKTeX 2.9/fonts/type1/publ
ic/amsfonts/cm/cmmi7.pfb><C:/Program Files/MiKTeX 2.9/fonts/type1/public/amsfon
ts/cm/cmmi8.pfb><C:/Program Files/MiKTeX 2.9/fonts/type1/public/amsfonts/cm/cmr
10.pfb><C:/Program Files/MiKTeX 2.9/fonts/type1/public/amsfonts/cm/cmr5.pfb><C:
/Program Files/MiKTeX 2.9/fonts/type1/public/amsfonts/cm/cmr6.pfb><C:/Program F
iles/MiKTeX 2.9/fonts/type1/public/amsfonts/cm/cmr7.pfb><C:/Program Files/MiKTe
X 2.9/fonts/type1/public/amsfonts/cm/cmr8.pfb><C:/Program Files/MiKTeX 2.9/font
s/type1/public/amsfonts/cm/cmsy10.pfb><C:/Program Files/MiKTeX 2.9/fonts/type1/
public/amsfonts/cm/cmsy5.pfb><C:/Program Files/MiKTeX 2.9/fonts/type1/public/am
sfonts/cm/cmsy7.pfb><C:/Program Files/MiKTeX 2.9/fonts/type1/public/amsfonts/cm
/cmti10.pfb><C:/Program Files/MiKTeX 2.9/fonts/type1/public/amsfonts/cm/cmti8.p
fb>
Output written on main.pdf (16 pages, 383270 bytes).
PDF statistics:
 131 PDF objects out of 1000 (max. 8388607)
 0 named destinations out of 1000 (max. 500000)
 11 words of extra memory for PDF output out of 10000 (max. 10000000)

